2017-10-16 22:04:03,962 INFO  DefaultTestContextBootstrapper [AbstractTestContextBootstrapper.java:260] Loaded default TestExecutionListener class names from location [META-INF/spring.factories]: [org.springframework.test.context.web.ServletTestExecutionListener, org.springframework.test.context.support.DirtiesContextBeforeModesTestExecutionListener, org.springframework.test.context.support.DependencyInjectionTestExecutionListener, org.springframework.test.context.support.DirtiesContextTestExecutionListener, org.springframework.test.context.transaction.TransactionalTestExecutionListener, org.springframework.test.context.jdbc.SqlScriptsTestExecutionListener, org.springframework.security.test.context.support.WithSecurityContextTestExecutionListener]
2017-10-16 22:04:04,126 INFO  DefaultTestContextBootstrapper [AbstractTestContextBootstrapper.java:187] Using TestExecutionListeners: [org.springframework.test.context.web.ServletTestExecutionListener@57f23557, org.springframework.test.context.support.DirtiesContextBeforeModesTestExecutionListener@3d0f8e03, org.springframework.test.context.support.DependencyInjectionTestExecutionListener@6366ebe0, org.springframework.test.context.support.DirtiesContextTestExecutionListener@44f75083, org.springframework.test.context.transaction.TransactionalTestExecutionListener@2698dc7, org.springframework.test.context.jdbc.SqlScriptsTestExecutionListener@43d7741f, org.springframework.security.test.context.support.WithSecurityContextTestExecutionListener@17baae6e]
2017-10-16 22:04:05,032 INFO  GenericApplicationContext [AbstractApplicationContext.java:581] Refreshing org.springframework.context.support.GenericApplicationContext@64d7f7e0: startup date [Mon Oct 16 22:04:05 MSK 2017]; root of context hierarchy
2017-10-16 22:04:07,083 INFO  AutowiredAnnotationBeanPostProcessor [AutowiredAnnotationBeanPostProcessor.java:155] JSR-330 'javax.inject.Inject' annotation found and supported for autowiring
2017-10-16 22:04:08,695 INFO  LocalContainerEntityManagerFactoryBean [LocalContainerEntityManagerFactoryBean.java:334] Building JPA container EntityManagerFactory for persistence unit 'default'
2017-10-16 22:04:08,855 INFO  LogHelper [LogHelper.java:31] HHH000204: Processing PersistenceUnitInfo [
	name: default
	...]
2017-10-16 22:04:09,499 INFO  Version [Version.java:45] HHH000412: Hibernate Core {5.2.2.Final}
2017-10-16 22:04:09,515 INFO  Environment [Environment.java:213] HHH000206: hibernate.properties not found
2017-10-16 22:04:09,519 INFO  Environment [Environment.java:318] HHH000021: Bytecode provider name : javassist
2017-10-16 22:04:09,743 INFO  Version [JavaReflectionManager.java:66] HCANN000001: Hibernate Commons Annotations {5.0.1.Final}
2017-10-16 22:04:11,350 INFO  Dialect [Dialect.java:153] HHH000400: Using dialect: org.hibernate.dialect.OracleDialect
2017-10-16 22:04:11,364 WARN  Oracle9Dialect [Oracle9Dialect.java:56] HHH000063: The Oracle9Dialect dialect has been deprecated; use either Oracle9iDialect or Oracle10gDialect instead
2017-10-16 22:04:11,372 WARN  OracleDialect [OracleDialect.java:39] HHH000064: The OracleDialect dialect has been deprecated; use Oracle8iDialect instead
2017-10-16 22:04:11,468 INFO  LobCreatorBuilderImpl [LobCreatorBuilderImpl.java:98] HHH000423: Disabling contextual LOB creation as JDBC driver reported JDBC version [3] less than 4
2017-10-16 22:04:13,884 INFO  Version [Version.java:30] HV000001: Hibernate Validator 5.2.4.Final
2017-10-16 22:04:15,555 INFO  LocalContainerEntityManagerFactoryBean [AbstractEntityManagerFactoryBean.java:382] Initialized JPA EntityManagerFactory for persistence unit 'default'
2017-10-16 22:04:17,221 INFO  QueryTranslatorFactoryInitiator [QueryTranslatorFactoryInitiator.java:47] HHH000397: Using ASTQueryTranslatorFactory
2017-10-16 22:04:18,311 INFO  GenericApplicationContext [AbstractApplicationContext.java:982] Closing org.springframework.context.support.GenericApplicationContext@64d7f7e0: startup date [Mon Oct 16 22:04:05 MSK 2017]; root of context hierarchy
2017-10-16 22:04:18,319 INFO  LocalContainerEntityManagerFactoryBean [AbstractEntityManagerFactoryBean.java:551] Closing JPA EntityManagerFactory for persistence unit 'default'
2017-10-16 22:41:20,677 INFO  DefaultTestContextBootstrapper [AbstractTestContextBootstrapper.java:260] Loaded default TestExecutionListener class names from location [META-INF/spring.factories]: [org.springframework.test.context.web.ServletTestExecutionListener, org.springframework.test.context.support.DirtiesContextBeforeModesTestExecutionListener, org.springframework.test.context.support.DependencyInjectionTestExecutionListener, org.springframework.test.context.support.DirtiesContextTestExecutionListener, org.springframework.test.context.transaction.TransactionalTestExecutionListener, org.springframework.test.context.jdbc.SqlScriptsTestExecutionListener, org.springframework.security.test.context.support.WithSecurityContextTestExecutionListener]
2017-10-16 22:41:20,721 INFO  DefaultTestContextBootstrapper [AbstractTestContextBootstrapper.java:187] Using TestExecutionListeners: [org.springframework.test.context.web.ServletTestExecutionListener@133e16fd, org.springframework.test.context.support.DirtiesContextBeforeModesTestExecutionListener@51b279c9, org.springframework.test.context.support.DependencyInjectionTestExecutionListener@1ad282e0, org.springframework.test.context.support.DirtiesContextTestExecutionListener@7f416310, org.springframework.test.context.transaction.TransactionalTestExecutionListener@1cab0bfb, org.springframework.test.context.jdbc.SqlScriptsTestExecutionListener@5e955596, org.springframework.security.test.context.support.WithSecurityContextTestExecutionListener@50de0926]
2017-10-16 22:41:21,109 INFO  GenericApplicationContext [AbstractApplicationContext.java:581] Refreshing org.springframework.context.support.GenericApplicationContext@19dc67c2: startup date [Mon Oct 16 22:41:21 MSK 2017]; root of context hierarchy
2017-10-16 22:41:22,408 INFO  AutowiredAnnotationBeanPostProcessor [AutowiredAnnotationBeanPostProcessor.java:155] JSR-330 'javax.inject.Inject' annotation found and supported for autowiring
2017-10-16 22:41:23,351 INFO  LocalContainerEntityManagerFactoryBean [LocalContainerEntityManagerFactoryBean.java:334] Building JPA container EntityManagerFactory for persistence unit 'default'
2017-10-16 22:41:23,418 INFO  LogHelper [LogHelper.java:31] HHH000204: Processing PersistenceUnitInfo [
	name: default
	...]
2017-10-16 22:41:23,850 INFO  Version [Version.java:45] HHH000412: Hibernate Core {5.2.2.Final}
2017-10-16 22:41:23,854 INFO  Environment [Environment.java:213] HHH000206: hibernate.properties not found
2017-10-16 22:41:23,858 INFO  Environment [Environment.java:318] HHH000021: Bytecode provider name : javassist
2017-10-16 22:41:23,979 INFO  Version [JavaReflectionManager.java:66] HCANN000001: Hibernate Commons Annotations {5.0.1.Final}
2017-10-16 22:41:25,194 INFO  Dialect [Dialect.java:153] HHH000400: Using dialect: org.hibernate.dialect.OracleDialect
2017-10-16 22:41:25,209 WARN  Oracle9Dialect [Oracle9Dialect.java:56] HHH000063: The Oracle9Dialect dialect has been deprecated; use either Oracle9iDialect or Oracle10gDialect instead
2017-10-16 22:41:25,213 WARN  OracleDialect [OracleDialect.java:39] HHH000064: The OracleDialect dialect has been deprecated; use Oracle8iDialect instead
2017-10-16 22:41:25,309 INFO  LobCreatorBuilderImpl [LobCreatorBuilderImpl.java:98] HHH000423: Disabling contextual LOB creation as JDBC driver reported JDBC version [3] less than 4
2017-10-16 22:41:26,700 INFO  Version [Version.java:30] HV000001: Hibernate Validator 5.2.4.Final
2017-10-16 22:41:28,233 INFO  LocalContainerEntityManagerFactoryBean [AbstractEntityManagerFactoryBean.java:382] Initialized JPA EntityManagerFactory for persistence unit 'default'
2017-10-16 22:41:29,372 INFO  QueryTranslatorFactoryInitiator [QueryTranslatorFactoryInitiator.java:47] HHH000397: Using ASTQueryTranslatorFactory
2017-10-16 22:41:30,551 INFO  GenericApplicationContext [AbstractApplicationContext.java:982] Closing org.springframework.context.support.GenericApplicationContext@19dc67c2: startup date [Mon Oct 16 22:41:21 MSK 2017]; root of context hierarchy
2017-10-16 22:41:30,560 INFO  LocalContainerEntityManagerFactoryBean [AbstractEntityManagerFactoryBean.java:551] Closing JPA EntityManagerFactory for persistence unit 'default'
2017-10-16 22:42:37,172 INFO  DefaultTestContextBootstrapper [AbstractTestContextBootstrapper.java:260] Loaded default TestExecutionListener class names from location [META-INF/spring.factories]: [org.springframework.test.context.web.ServletTestExecutionListener, org.springframework.test.context.support.DirtiesContextBeforeModesTestExecutionListener, org.springframework.test.context.support.DependencyInjectionTestExecutionListener, org.springframework.test.context.support.DirtiesContextTestExecutionListener, org.springframework.test.context.transaction.TransactionalTestExecutionListener, org.springframework.test.context.jdbc.SqlScriptsTestExecutionListener, org.springframework.security.test.context.support.WithSecurityContextTestExecutionListener]
2017-10-16 22:42:37,216 INFO  DefaultTestContextBootstrapper [AbstractTestContextBootstrapper.java:187] Using TestExecutionListeners: [org.springframework.test.context.web.ServletTestExecutionListener@133e16fd, org.springframework.test.context.support.DirtiesContextBeforeModesTestExecutionListener@51b279c9, org.springframework.test.context.support.DependencyInjectionTestExecutionListener@1ad282e0, org.springframework.test.context.support.DirtiesContextTestExecutionListener@7f416310, org.springframework.test.context.transaction.TransactionalTestExecutionListener@1cab0bfb, org.springframework.test.context.jdbc.SqlScriptsTestExecutionListener@5e955596, org.springframework.security.test.context.support.WithSecurityContextTestExecutionListener@50de0926]
2017-10-16 22:42:37,592 INFO  GenericApplicationContext [AbstractApplicationContext.java:581] Refreshing org.springframework.context.support.GenericApplicationContext@19dc67c2: startup date [Mon Oct 16 22:42:37 MSK 2017]; root of context hierarchy
2017-10-16 22:42:38,891 INFO  AutowiredAnnotationBeanPostProcessor [AutowiredAnnotationBeanPostProcessor.java:155] JSR-330 'javax.inject.Inject' annotation found and supported for autowiring
2017-10-16 22:42:39,765 INFO  LocalContainerEntityManagerFactoryBean [LocalContainerEntityManagerFactoryBean.java:334] Building JPA container EntityManagerFactory for persistence unit 'default'
2017-10-16 22:42:39,829 INFO  LogHelper [LogHelper.java:31] HHH000204: Processing PersistenceUnitInfo [
	name: default
	...]
2017-10-16 22:42:40,228 INFO  Version [Version.java:45] HHH000412: Hibernate Core {5.2.2.Final}
2017-10-16 22:42:40,233 INFO  Environment [Environment.java:213] HHH000206: hibernate.properties not found
2017-10-16 22:42:40,237 INFO  Environment [Environment.java:318] HHH000021: Bytecode provider name : javassist
2017-10-16 22:42:40,361 INFO  Version [JavaReflectionManager.java:66] HCANN000001: Hibernate Commons Annotations {5.0.1.Final}
2017-10-16 22:42:41,647 INFO  Dialect [Dialect.java:153] HHH000400: Using dialect: org.hibernate.dialect.OracleDialect
2017-10-16 22:42:41,661 WARN  Oracle9Dialect [Oracle9Dialect.java:56] HHH000063: The Oracle9Dialect dialect has been deprecated; use either Oracle9iDialect or Oracle10gDialect instead
2017-10-16 22:42:41,665 WARN  OracleDialect [OracleDialect.java:39] HHH000064: The OracleDialect dialect has been deprecated; use Oracle8iDialect instead
2017-10-16 22:42:41,748 INFO  LobCreatorBuilderImpl [LobCreatorBuilderImpl.java:98] HHH000423: Disabling contextual LOB creation as JDBC driver reported JDBC version [3] less than 4
2017-10-16 22:42:43,099 INFO  Version [Version.java:30] HV000001: Hibernate Validator 5.2.4.Final
2017-10-16 22:42:44,524 INFO  LocalContainerEntityManagerFactoryBean [AbstractEntityManagerFactoryBean.java:382] Initialized JPA EntityManagerFactory for persistence unit 'default'
2017-10-16 22:42:45,996 INFO  QueryTranslatorFactoryInitiator [QueryTranslatorFactoryInitiator.java:47] HHH000397: Using ASTQueryTranslatorFactory
2017-10-16 22:42:46,919 DEBUG SQL [SqlStatementLogger.java:92] select customer0_.id as id1_6_, customer0_.name as name2_6_, customer0_.city as city3_6_, customer0_.email as email4_6_, customer0_.last_name as last_nam5_6_, customer0_.note as note6_6_, customer0_.phone_number as phone_nu7_6_, customer0_.nova_poshta as nova_pos8_6_ from osms_customers customer0_
2017-10-16 22:42:47,044 INFO  GenericApplicationContext [AbstractApplicationContext.java:982] Closing org.springframework.context.support.GenericApplicationContext@19dc67c2: startup date [Mon Oct 16 22:42:37 MSK 2017]; root of context hierarchy
2017-10-16 22:42:47,053 INFO  LocalContainerEntityManagerFactoryBean [AbstractEntityManagerFactoryBean.java:551] Closing JPA EntityManagerFactory for persistence unit 'default'
2017-10-16 22:44:34,832 INFO  DefaultTestContextBootstrapper [AbstractTestContextBootstrapper.java:260] Loaded default TestExecutionListener class names from location [META-INF/spring.factories]: [org.springframework.test.context.web.ServletTestExecutionListener, org.springframework.test.context.support.DirtiesContextBeforeModesTestExecutionListener, org.springframework.test.context.support.DependencyInjectionTestExecutionListener, org.springframework.test.context.support.DirtiesContextTestExecutionListener, org.springframework.test.context.transaction.TransactionalTestExecutionListener, org.springframework.test.context.jdbc.SqlScriptsTestExecutionListener, org.springframework.security.test.context.support.WithSecurityContextTestExecutionListener]
2017-10-16 22:44:34,893 INFO  DefaultTestContextBootstrapper [AbstractTestContextBootstrapper.java:187] Using TestExecutionListeners: [org.springframework.test.context.web.ServletTestExecutionListener@133e16fd, org.springframework.test.context.support.DirtiesContextBeforeModesTestExecutionListener@51b279c9, org.springframework.test.context.support.DependencyInjectionTestExecutionListener@1ad282e0, org.springframework.test.context.support.DirtiesContextTestExecutionListener@7f416310, org.springframework.test.context.transaction.TransactionalTestExecutionListener@1cab0bfb, org.springframework.test.context.jdbc.SqlScriptsTestExecutionListener@5e955596, org.springframework.security.test.context.support.WithSecurityContextTestExecutionListener@50de0926]
2017-10-16 22:44:35,335 INFO  GenericApplicationContext [AbstractApplicationContext.java:581] Refreshing org.springframework.context.support.GenericApplicationContext@19dc67c2: startup date [Mon Oct 16 22:44:35 MSK 2017]; root of context hierarchy
2017-10-16 22:44:37,082 INFO  AutowiredAnnotationBeanPostProcessor [AutowiredAnnotationBeanPostProcessor.java:155] JSR-330 'javax.inject.Inject' annotation found and supported for autowiring
2017-10-16 22:44:38,233 INFO  LocalContainerEntityManagerFactoryBean [LocalContainerEntityManagerFactoryBean.java:334] Building JPA container EntityManagerFactory for persistence unit 'default'
2017-10-16 22:44:38,326 INFO  LogHelper [LogHelper.java:31] HHH000204: Processing PersistenceUnitInfo [
	name: default
	...]
2017-10-16 22:44:38,814 INFO  Version [Version.java:45] HHH000412: Hibernate Core {5.2.2.Final}
2017-10-16 22:44:38,819 INFO  Environment [Environment.java:213] HHH000206: hibernate.properties not found
2017-10-16 22:44:38,823 INFO  Environment [Environment.java:318] HHH000021: Bytecode provider name : javassist
2017-10-16 22:44:38,953 INFO  Version [JavaReflectionManager.java:66] HCANN000001: Hibernate Commons Annotations {5.0.1.Final}
2017-10-16 22:44:40,414 INFO  Dialect [Dialect.java:153] HHH000400: Using dialect: org.hibernate.dialect.OracleDialect
2017-10-16 22:44:40,429 WARN  Oracle9Dialect [Oracle9Dialect.java:56] HHH000063: The Oracle9Dialect dialect has been deprecated; use either Oracle9iDialect or Oracle10gDialect instead
2017-10-16 22:44:40,434 WARN  OracleDialect [OracleDialect.java:39] HHH000064: The OracleDialect dialect has been deprecated; use Oracle8iDialect instead
2017-10-16 22:44:40,527 INFO  LobCreatorBuilderImpl [LobCreatorBuilderImpl.java:98] HHH000423: Disabling contextual LOB creation as JDBC driver reported JDBC version [3] less than 4
2017-10-16 22:44:42,056 INFO  Version [Version.java:30] HV000001: Hibernate Validator 5.2.4.Final
2017-10-16 22:44:43,871 INFO  LocalContainerEntityManagerFactoryBean [AbstractEntityManagerFactoryBean.java:382] Initialized JPA EntityManagerFactory for persistence unit 'default'
2017-10-16 22:44:45,425 INFO  QueryTranslatorFactoryInitiator [QueryTranslatorFactoryInitiator.java:47] HHH000397: Using ASTQueryTranslatorFactory
2017-10-16 22:44:46,517 DEBUG SQL [SqlStatementLogger.java:92] select customer0_.id as id1_6_, customer0_.name as name2_6_, customer0_.city as city3_6_, customer0_.email as email4_6_, customer0_.last_name as last_nam5_6_, customer0_.note as note6_6_, customer0_.phone_number as phone_nu7_6_, customer0_.nova_poshta as nova_pos8_6_ from osms_customers customer0_
2017-10-16 22:44:46,644 INFO  GenericApplicationContext [AbstractApplicationContext.java:982] Closing org.springframework.context.support.GenericApplicationContext@19dc67c2: startup date [Mon Oct 16 22:44:35 MSK 2017]; root of context hierarchy
2017-10-16 22:44:46,659 INFO  LocalContainerEntityManagerFactoryBean [AbstractEntityManagerFactoryBean.java:551] Closing JPA EntityManagerFactory for persistence unit 'default'
2017-10-16 22:45:04,659 INFO  DefaultTestContextBootstrapper [AbstractTestContextBootstrapper.java:260] Loaded default TestExecutionListener class names from location [META-INF/spring.factories]: [org.springframework.test.context.web.ServletTestExecutionListener, org.springframework.test.context.support.DirtiesContextBeforeModesTestExecutionListener, org.springframework.test.context.support.DependencyInjectionTestExecutionListener, org.springframework.test.context.support.DirtiesContextTestExecutionListener, org.springframework.test.context.transaction.TransactionalTestExecutionListener, org.springframework.test.context.jdbc.SqlScriptsTestExecutionListener, org.springframework.security.test.context.support.WithSecurityContextTestExecutionListener]
2017-10-16 22:45:04,723 INFO  DefaultTestContextBootstrapper [AbstractTestContextBootstrapper.java:187] Using TestExecutionListeners: [org.springframework.test.context.web.ServletTestExecutionListener@6392827e, org.springframework.test.context.support.DirtiesContextBeforeModesTestExecutionListener@2ed2d9cb, org.springframework.test.context.support.DependencyInjectionTestExecutionListener@d5b810e, org.springframework.test.context.support.DirtiesContextTestExecutionListener@43dac38f, org.springframework.test.context.transaction.TransactionalTestExecutionListener@342c38f8, org.springframework.test.context.jdbc.SqlScriptsTestExecutionListener@c88a337, org.springframework.security.test.context.support.WithSecurityContextTestExecutionListener@5d0a1059]
2017-10-16 22:45:05,216 INFO  GenericApplicationContext [AbstractApplicationContext.java:581] Refreshing org.springframework.context.support.GenericApplicationContext@8f2ef19: startup date [Mon Oct 16 22:45:05 MSK 2017]; root of context hierarchy
2017-10-16 22:45:06,387 INFO  AutowiredAnnotationBeanPostProcessor [AutowiredAnnotationBeanPostProcessor.java:155] JSR-330 'javax.inject.Inject' annotation found and supported for autowiring
2017-10-16 22:45:07,193 INFO  LocalContainerEntityManagerFactoryBean [LocalContainerEntityManagerFactoryBean.java:334] Building JPA container EntityManagerFactory for persistence unit 'default'
2017-10-16 22:45:07,257 INFO  LogHelper [LogHelper.java:31] HHH000204: Processing PersistenceUnitInfo [
	name: default
	...]
2017-10-16 22:45:07,693 INFO  Version [Version.java:45] HHH000412: Hibernate Core {5.2.2.Final}
2017-10-16 22:45:07,701 INFO  Environment [Environment.java:213] HHH000206: hibernate.properties not found
2017-10-16 22:45:07,709 INFO  Environment [Environment.java:318] HHH000021: Bytecode provider name : javassist
2017-10-16 22:45:07,850 INFO  Version [JavaReflectionManager.java:66] HCANN000001: Hibernate Commons Annotations {5.0.1.Final}
2017-10-16 22:45:09,089 INFO  Dialect [Dialect.java:153] HHH000400: Using dialect: org.hibernate.dialect.OracleDialect
2017-10-16 22:45:09,108 WARN  Oracle9Dialect [Oracle9Dialect.java:56] HHH000063: The Oracle9Dialect dialect has been deprecated; use either Oracle9iDialect or Oracle10gDialect instead
2017-10-16 22:45:09,113 WARN  OracleDialect [OracleDialect.java:39] HHH000064: The OracleDialect dialect has been deprecated; use Oracle8iDialect instead
2017-10-16 22:45:09,232 INFO  LobCreatorBuilderImpl [LobCreatorBuilderImpl.java:98] HHH000423: Disabling contextual LOB creation as JDBC driver reported JDBC version [3] less than 4
2017-10-16 22:45:10,826 INFO  Version [Version.java:30] HV000001: Hibernate Validator 5.2.4.Final
2017-10-16 22:45:12,673 INFO  LocalContainerEntityManagerFactoryBean [AbstractEntityManagerFactoryBean.java:382] Initialized JPA EntityManagerFactory for persistence unit 'default'
2017-10-16 22:45:14,636 INFO  QueryTranslatorFactoryInitiator [QueryTranslatorFactoryInitiator.java:47] HHH000397: Using ASTQueryTranslatorFactory
2017-10-16 22:45:15,586 DEBUG SQL [SqlStatementLogger.java:92] select customer0_.id as id1_6_, customer0_.name as name2_6_, customer0_.city as city3_6_, customer0_.email as email4_6_, customer0_.last_name as last_nam5_6_, customer0_.note as note6_6_, customer0_.phone_number as phone_nu7_6_, customer0_.nova_poshta as nova_pos8_6_ from osms_customers customer0_
2017-10-16 22:48:47,150 INFO  GenericApplicationContext [AbstractApplicationContext.java:982] Closing org.springframework.context.support.GenericApplicationContext@8f2ef19: startup date [Mon Oct 16 22:45:05 MSK 2017]; root of context hierarchy
2017-10-16 22:48:47,160 INFO  LocalContainerEntityManagerFactoryBean [AbstractEntityManagerFactoryBean.java:551] Closing JPA EntityManagerFactory for persistence unit 'default'
2017-10-29 23:27:05,885 INFO  DefaultTestContextBootstrapper [AbstractTestContextBootstrapper.java:260] Loaded default TestExecutionListener class names from location [META-INF/spring.factories]: [org.springframework.test.context.web.ServletTestExecutionListener, org.springframework.test.context.support.DirtiesContextBeforeModesTestExecutionListener, org.springframework.test.context.support.DependencyInjectionTestExecutionListener, org.springframework.test.context.support.DirtiesContextTestExecutionListener, org.springframework.test.context.transaction.TransactionalTestExecutionListener, org.springframework.test.context.jdbc.SqlScriptsTestExecutionListener, org.springframework.security.test.context.support.WithSecurityContextTestExecutionListener]
2017-10-29 23:27:06,097 INFO  DefaultTestContextBootstrapper [AbstractTestContextBootstrapper.java:187] Using TestExecutionListeners: [org.springframework.test.context.web.ServletTestExecutionListener@2ed2d9cb, org.springframework.test.context.support.DirtiesContextBeforeModesTestExecutionListener@d5b810e, org.springframework.test.context.support.DependencyInjectionTestExecutionListener@43dac38f, org.springframework.test.context.support.DirtiesContextTestExecutionListener@342c38f8, org.springframework.test.context.transaction.TransactionalTestExecutionListener@c88a337, org.springframework.test.context.jdbc.SqlScriptsTestExecutionListener@5d0a1059, org.springframework.security.test.context.support.WithSecurityContextTestExecutionListener@485966cc]
2017-10-29 23:27:07,084 INFO  GenericApplicationContext [AbstractApplicationContext.java:581] Refreshing org.springframework.context.support.GenericApplicationContext@470734c3: startup date [Sun Oct 29 23:27:07 EET 2017]; root of context hierarchy
2017-10-29 23:27:09,025 INFO  AutowiredAnnotationBeanPostProcessor [AutowiredAnnotationBeanPostProcessor.java:155] JSR-330 'javax.inject.Inject' annotation found and supported for autowiring
2017-10-29 23:27:10,814 INFO  LocalContainerEntityManagerFactoryBean [LocalContainerEntityManagerFactoryBean.java:334] Building JPA container EntityManagerFactory for persistence unit 'default'
2017-10-29 23:27:10,942 INFO  LogHelper [LogHelper.java:31] HHH000204: Processing PersistenceUnitInfo [
	name: default
	...]
2017-10-29 23:27:11,565 INFO  Version [Version.java:45] HHH000412: Hibernate Core {5.2.2.Final}
2017-10-29 23:27:11,570 INFO  Environment [Environment.java:213] HHH000206: hibernate.properties not found
2017-10-29 23:27:11,575 INFO  Environment [Environment.java:318] HHH000021: Bytecode provider name : javassist
2017-10-29 23:27:11,836 INFO  Version [JavaReflectionManager.java:66] HCANN000001: Hibernate Commons Annotations {5.0.1.Final}
2017-10-29 23:27:13,559 INFO  Dialect [Dialect.java:153] HHH000400: Using dialect: org.hibernate.dialect.OracleDialect
2017-10-29 23:27:13,579 WARN  Oracle9Dialect [Oracle9Dialect.java:56] HHH000063: The Oracle9Dialect dialect has been deprecated; use either Oracle9iDialect or Oracle10gDialect instead
2017-10-29 23:27:13,584 WARN  OracleDialect [OracleDialect.java:39] HHH000064: The OracleDialect dialect has been deprecated; use Oracle8iDialect instead
2017-10-29 23:27:13,691 INFO  LobCreatorBuilderImpl [LobCreatorBuilderImpl.java:98] HHH000423: Disabling contextual LOB creation as JDBC driver reported JDBC version [3] less than 4
2017-10-29 23:27:16,501 INFO  Version [Version.java:30] HV000001: Hibernate Validator 5.2.4.Final
2017-10-29 23:27:18,519 INFO  LocalContainerEntityManagerFactoryBean [AbstractEntityManagerFactoryBean.java:382] Initialized JPA EntityManagerFactory for persistence unit 'default'
2017-10-29 23:27:21,019 INFO  QueryTranslatorFactoryInitiator [QueryTranslatorFactoryInitiator.java:47] HHH000397: Using ASTQueryTranslatorFactory
2017-10-29 23:27:22,057 DEBUG SQL [SqlStatementLogger.java:92] select customer0_.id as id1_6_, customer0_.name as name2_6_, customer0_.city as city3_6_, customer0_.email as email4_6_, customer0_.last_name as last_nam5_6_, customer0_.note as note6_6_, customer0_.phone_number as phone_nu7_6_, customer0_.nova_poshta as nova_pos8_6_ from osms_customers customer0_
2017-10-29 23:27:39,151 INFO  GenericApplicationContext [AbstractApplicationContext.java:982] Closing org.springframework.context.support.GenericApplicationContext@470734c3: startup date [Sun Oct 29 23:27:07 EET 2017]; root of context hierarchy
2017-10-29 23:27:39,160 INFO  LocalContainerEntityManagerFactoryBean [AbstractEntityManagerFactoryBean.java:551] Closing JPA EntityManagerFactory for persistence unit 'default'
